0 info it worked if it ends with ok
1 verbose cli [ 'C:\\Program Files\\nodejs\\\\node.exe',
1 verbose cli   'C:\\Program Files\\nodejs\\node_modules\\npm\\bin\\npm-cli.js',
1 verbose cli   'install',
1 verbose cli   'underscore.js' ]
2 info using npm@2.11.3
3 info using node@v0.12.7
4 verbose install initial load of C:\Users\Roman\Desktop\web\Web-service-for-runners\view\package.json
5 warn package.json routes-for-runners@0.0.1 No description
6 warn package.json routes-for-runners@0.0.1 No repository field.
7 warn package.json routes-for-runners@0.0.1 No README data
8 warn package.json routes-for-runners@0.0.1 No license field.
9 verbose installManyTop reading scoped package data from C:\Users\Roman\Desktop\web\Web-service-for-runners\view\node_modules\grunt\package.json
10 verbose installManyTop reading scoped package data from C:\Users\Roman\Desktop\web\Web-service-for-runners\view\node_modules\grunt-complexity\package.json
11 verbose installManyTop reading scoped package data from C:\Users\Roman\Desktop\web\Web-service-for-runners\view\node_modules\grunt-contrib-clean\package.json
12 verbose installManyTop reading scoped package data from C:\Users\Roman\Desktop\web\Web-service-for-runners\view\node_modules\grunt-contrib-concat\package.json
13 verbose installManyTop reading scoped package data from C:\Users\Roman\Desktop\web\Web-service-for-runners\view\node_modules\grunt-contrib-jshint\package.json
14 verbose installManyTop reading scoped package data from C:\Users\Roman\Desktop\web\Web-service-for-runners\view\node_modules\grunt-contrib-less\package.json
15 verbose installManyTop reading scoped package data from C:\Users\Roman\Desktop\web\Web-service-for-runners\view\node_modules\grunt-contrib-watch\package.json
16 verbose installManyTop reading scoped package data from C:\Users\Roman\Desktop\web\Web-service-for-runners\view\node_modules\grunt-html\package.json
17 verbose installManyTop reading scoped package data from C:\Users\Roman\Desktop\web\Web-service-for-runners\view\node_modules\grunt-html-build\package.json
18 verbose installManyTop reading scoped package data from C:\Users\Roman\Desktop\web\Web-service-for-runners\view\node_modules\grunt-includes\package.json
19 verbose installManyTop reading scoped package data from C:\Users\Roman\Desktop\web\Web-service-for-runners\view\node_modules\grunt-spritesmith\package.json
20 info package.json grunt@0.4.5 No license field.
21 info package.json grunt-contrib-clean@0.6.0 No license field.
22 info package.json grunt-contrib-concat@0.5.1 No license field.
23 info package.json grunt-contrib-watch@0.6.1 No license field.
24 info package.json grunt-contrib-less@1.0.1 No license field.
25 info package.json grunt-includes@0.5.1 No license field.
26 info package.json grunt-complexity@0.3.0 No license field.
27 info package.json grunt-contrib-jshint@0.11.2 No license field.
28 info package.json grunt-html@5.0.0 No license field.
29 info package.json grunt-html-build@0.5.1 No license field.
30 verbose readDependencies loading dependencies from C:\Users\Roman\Desktop\web\Web-service-for-runners\view\package.json
31 silly cache add args [ 'underscore.js', null ]
32 verbose cache add spec underscore.js
33 silly cache add parsed spec { raw: 'underscore.js',
33 silly cache add   scope: null,
33 silly cache add   name: 'underscore.js',
33 silly cache add   rawSpec: '',
33 silly cache add   spec: '*',
33 silly cache add   type: 'range' }
34 silly addNamed underscore.js@*
35 verbose addNamed "*" is a valid semver range for underscore.js
36 silly addNameRange { name: 'underscore.js', range: '*', hasData: false }
37 silly mapToRegistry name underscore.js
38 silly mapToRegistry using default registry
39 silly mapToRegistry registry https://registry.npmjs.org/
40 silly mapToRegistry uri https://registry.npmjs.org/underscore.js
41 verbose addNameRange registry:https://registry.npmjs.org/underscore.js not in flight; fetching
42 verbose request uri https://registry.npmjs.org/underscore.js
43 verbose request no auth needed
44 info attempt registry request try #1 at 12:18:21
45 verbose request id bc3a469ba1bd35d2
46 http request GET https://registry.npmjs.org/underscore.js
47 http 404 https://registry.npmjs.org/underscore.js
48 verbose headers { 'content-type': 'application/json',
48 verbose headers   'cache-control': 'max-age=0',
48 verbose headers   'content-length': '2',
48 verbose headers   'accept-ranges': 'bytes',
48 verbose headers   date: 'Sun, 20 Sep 2015 09:18:23 GMT',
48 verbose headers   via: '1.1 varnish',
48 verbose headers   age: '0',
48 verbose headers   connection: 'keep-alive',
48 verbose headers   'x-served-by': 'cache-fra1227-FRA',
48 verbose headers   'x-cache': 'MISS',
48 verbose headers   'x-cache-hits': '0',
48 verbose headers   'x-timer': 'S1442740703.630796,VS0,VE178' }
49 silly get cb [ 404,
49 silly get   { 'content-type': 'application/json',
49 silly get     'cache-control': 'max-age=0',
49 silly get     'content-length': '2',
49 silly get     'accept-ranges': 'bytes',
49 silly get     date: 'Sun, 20 Sep 2015 09:18:23 GMT',
49 silly get     via: '1.1 varnish',
49 silly get     age: '0',
49 silly get     connection: 'keep-alive',
49 silly get     'x-served-by': 'cache-fra1227-FRA',
49 silly get     'x-cache': 'MISS',
49 silly get     'x-cache-hits': '0',
49 silly get     'x-timer': 'S1442740703.630796,VS0,VE178' } ]
50 verbose stack Error: Registry returned 404 for GET on https://registry.npmjs.org/underscore.js
50 verbose stack     at CachingRegistryClient.<anonymous> (C:\Program Files\nodejs\node_modules\npm\node_modules\npm-registry-client\lib\request.js:239:14)
50 verbose stack     at Request._callback (C:\Program Files\nodejs\node_modules\npm\node_modules\npm-registry-client\lib\request.js:170:14)
50 verbose stack     at Request.self.callback (C:\Program Files\nodejs\node_modules\npm\node_modules\request\request.js:354:22)
50 verbose stack     at Request.emit (events.js:110:17)
50 verbose stack     at Request.<anonymous> (C:\Program Files\nodejs\node_modules\npm\node_modules\request\request.js:1207:14)
50 verbose stack     at Request.emit (events.js:129:20)
50 verbose stack     at IncomingMessage.<anonymous> (C:\Program Files\nodejs\node_modules\npm\node_modules\request\request.js:1153:12)
50 verbose stack     at IncomingMessage.emit (events.js:129:20)
50 verbose stack     at _stream_readable.js:908:16
50 verbose stack     at process._tickCallback (node.js:355:11)
51 verbose statusCode 404
52 verbose pkgid underscore.js
53 verbose cwd C:\Users\Roman\Desktop\web\Web-service-for-runners\view
54 error Windows_NT 6.3.9600
55 error argv "C:\\Program Files\\nodejs\\\\node.exe" "C:\\Program Files\\nodejs\\node_modules\\npm\\bin\\npm-cli.js" "install" "underscore.js"
56 error node v0.12.7
57 error npm  v2.11.3
58 error code E404
59 error 404 Registry returned 404 for GET on https://registry.npmjs.org/underscore.js
59 error 404
59 error 404 'underscore.js' is not in the npm registry.
59 error 404 You should bug the author to publish it (or use the name yourself!)
59 error 404 It was specified as a dependency of 'routes-for-runners'
59 error 404
59 error 404 Note that you can also install from a
59 error 404 tarball, folder, http url, or git url.
60 verbose exit [ 1, true ]
